<?xml version="1.0" encoding="UTF-8"?>
<!-- Generated by org.testng.reporters.JUnitReportReporter -->
<testsuite hostname="DESKTOP-UI1K3FV" failures="0" tests="2" name="TestNG_Scripts.Priority_Parameter" time="0.011" errors="0" timestamp="2024-03-01T20:52:06 IST" skipped="0">
  <testcase classname="TestNG_Scripts.Priority_Parameter" name="test2" time="0.010"/>
  <system-out>
    <![CDATA[India]]>
  </system-out>
  <testcase classname="TestNG_Scripts.Priority_Parameter" name="test1" time="0.001"/>
  <system-out>
    <![CDATA[Asia]]>
  </system-out>
</testsuite> <!-- TestNG_Scripts.Priority_Parameter -->
